This file contains any messages produced by compilers while
running configure, to aid debugging if configure makes a mistake.

It was created by yang_mills configure 1.1.6, which was
generated by GNU Autoconf 2.71.  Invocation command line was

  $ ./configure N_c=1 ST_dim=3

## --------- ##
## Platform. ##
## --------- ##

hostname = lattice09
uname -m = x86_64
uname -r = 6.8.0-58-generic
uname -s = Linux
uname -v = #60-Ubuntu SMP PREEMPT_DYNAMIC Fri Mar 14 18:29:48 UTC 2025

/usr/bin/uname -p = x86_64
/bin/uname -X     = unknown

/bin/arch              = x86_64
/usr/bin/arch -k       = unknown
/usr/convex/getsysinfo = unknown
/usr/bin/hostinfo      = unknown
/bin/machine           = unknown
/usr/bin/oslevel       = unknown
/bin/universe          = unknown

PATH: /home/linuxbrew/.linuxbrew/bin/
PATH: /home/linuxbrew/.linuxbrew/sbin/
PATH: /usr/local/sbin/
PATH: /usr/local/bin/
PATH: /usr/sbin/
PATH: /usr/bin/
PATH: /sbin/
PATH: /bin/
PATH: /usr/games/
PATH: /usr/local/games/
PATH: /snap/bin/
PATH: /home/negro/.local/share/JetBrains/Toolbox/scripts/


## ----------- ##
## Core tests. ##
## ----------- ##

configure:2298: looking for aux files: compile missing install-sh
configure:2311:  trying ./
configure:2340:   ./compile found
configure:2340:   ./missing found
configure:2322:   ./install-sh found
configure:2469: checking for a BSD-compatible install
configure:2542: result: /usr/bin/install -c
configure:2553: checking whether build environment is sane
configure:2608: result: yes
configure:2767: checking for a race-free mkdir -p
configure:2811: result: /usr/bin/mkdir -p
configure:2818: checking for gawk
configure:2853: result: no
configure:2818: checking for mawk
configure:2839: found /usr/bin/mawk
configure:2850: result: mawk
configure:2861: checking whether make sets $(MAKE)
configure:2884: result: yes
configure:2914: checking whether make supports nested variables
configure:2932: result: yes
configure:3091: checking for gawk
configure:3123: result: mawk
configure:3196: checking for gcc
configure:3217: found /usr/bin/gcc
configure:3228: result: gcc
configure:3581: checking for C compiler version
configure:3590: gcc --version >&5
gcc (Ubuntu 14.2.0-4ubuntu2~24.04) 14.2.0
Copyright (C) 2024 Free Software Foundation, Inc.
This is free software; see the source for copying conditions.  There is NO
warranty; not even for MERCHANTABILITY or FITNESS FOR A PARTICULAR PURPOSE.

configure:3601: $? = 0
configure:3590: gcc -v >&5
Using built-in specs.
COLLECT_GCC=gcc
COLLECT_LTO_WRAPPER=/usr/libexec/gcc/x86_64-linux-gnu/14/lto-wrapper
OFFLOAD_TARGET_NAMES=nvptx-none:amdgcn-amdhsa
OFFLOAD_TARGET_DEFAULT=1
Target: x86_64-linux-gnu
Configured with: ../src/configure -v --with-pkgversion='Ubuntu 14.2.0-4ubuntu2~24.04' --with-bugurl=file:///usr/share/doc/gcc-14/README.Bugs --enable-languages=c,ada,c++,go,d,fortran,objc,obj-c++,m2,rust --prefix=/usr --with-gcc-major-version-only --program-suffix=-14 --program-prefix=x86_64-linux-gnu- --enable-shared --enable-linker-build-id --libexecdir=/usr/libexec --without-included-gettext --enable-threads=posix --libdir=/usr/lib --enable-nls --enable-bootstrap --enable-clocale=gnu --enable-libstdcxx-debug --enable-libstdcxx-time=yes --with-default-libstdcxx-abi=new --enable-libstdcxx-backtrace --enable-gnu-unique-object --disable-vtable-verify --enable-plugin --enable-default-pie --with-system-zlib --enable-libphobos-checking=release --with-target-system-zlib=auto --enable-objc-gc=auto --enable-multiarch --disable-werror --enable-cet --with-arch-32=i686 --with-abi=m64 --with-multilib-list=m32,m64,mx32 --enable-multilib --with-tune=generic --enable-offload-targets=nvptx-none=/build/gcc-14-ig5ci0/gcc-14-14.2.0/debian/tmp-nvptx/usr,amdgcn-amdhsa=/build/gcc-14-ig5ci0/gcc-14-14.2.0/debian/tmp-gcn/usr --enable-offload-defaulted --without-cuda-driver --enable-checking=release --build=x86_64-linux-gnu --host=x86_64-linux-gnu --target=x86_64-linux-gnu --with-build-config=bootstrap-lto-lean --enable-link-serialization=2
Thread model: posix
Supported LTO compression algorithms: zlib zstd
gcc version 14.2.0 (Ubuntu 14.2.0-4ubuntu2~24.04) 
... rest of stderr output deleted ...
configure:3601: $? = 0
configure:3590: gcc -V >&5
gcc: error: unrecognized command-line option '-V'
gcc: fatal error: no input files
compilation terminated.
configure:3601: $? = 1
configure:3590: gcc -qversion >&5
gcc: error: unrecognized command-line option '-qversion'; did you mean '--version'?
gcc: fatal error: no input files
compilation terminated.
configure:3601: $? = 1
configure:3590: gcc -version >&5
gcc: error: unrecognized command-line option '-version'
gcc: fatal error: no input files
compilation terminated.
configure:3601: $? = 1
configure:3621: checking whether the C compiler works
configure:3643: gcc    conftest.c  >&5
configure:3647: $? = 0
configure:3697: result: yes
configure:3700: checking for C compiler default output file name
configure:3702: result: a.out
configure:3708: checking for suffix of executables
configure:3715: gcc -o conftest    conftest.c  >&5
configure:3719: $? = 0
configure:3742: result: 
configure:3764: checking whether we are cross compiling
configure:3772: gcc -o conftest    conftest.c  >&5
configure:3776: $? = 0
configure:3783: ./conftest
configure:3787: $? = 0
configure:3802: result: no
configure:3807: checking for suffix of object files
configure:3830: gcc -c   conftest.c >&5
configure:3834: $? = 0
configure:3856: result: o
configure:3860: checking whether the compiler supports GNU C
configure:3880: gcc -c   conftest.c >&5
configure:3880: $? = 0
configure:3890: result: yes
configure:3901: checking whether gcc accepts -g
configure:3922: gcc -c -g  conftest.c >&5
configure:3922: $? = 0
configure:3966: result: yes
configure:3986: checking for gcc option to enable C11 features
configure:4001: gcc  -c   conftest.c >&5
configure:4001: $? = 0
configure:4019: result: none needed
configure:4135: checking whether gcc understands -c and -o together
configure:4158: gcc -c conftest.c -o conftest2.o
configure:4161: $? = 0
configure:4158: gcc -c conftest.c -o conftest2.o
configure:4161: $? = 0
configure:4173: result: yes
configure:4193: checking whether make supports the include directive
configure:4208: make -f confmf.GNU && cat confinc.out
this is the am__doit target
configure:4211: $? = 0
configure:4230: result: yes (GNU style)
configure:4256: checking dependency style of gcc
configure:4368: result: gcc3
configure:4391: checking for stdio.h
configure:4391: gcc -c   conftest.c >&5
configure:4391: $? = 0
configure:4391: result: yes
configure:4391: checking for stdlib.h
configure:4391: gcc -c   conftest.c >&5
configure:4391: $? = 0
configure:4391: result: yes
configure:4391: checking for string.h
configure:4391: gcc -c   conftest.c >&5
configure:4391: $? = 0
configure:4391: result: yes
configure:4391: checking for inttypes.h
configure:4391: gcc -c   conftest.c >&5
configure:4391: $? = 0
configure:4391: result: yes
configure:4391: checking for stdint.h
configure:4391: gcc -c   conftest.c >&5
configure:4391: $? = 0
configure:4391: result: yes
configure:4391: checking for strings.h
configure:4391: gcc -c   conftest.c >&5
configure:4391: $? = 0
configure:4391: result: yes
configure:4391: checking for sys/stat.h
configure:4391: gcc -c   conftest.c >&5
configure:4391: $? = 0
configure:4391: result: yes
configure:4391: checking for sys/types.h
configure:4391: gcc -c   conftest.c >&5
configure:4391: $? = 0
configure:4391: result: yes
configure:4391: checking for unistd.h
configure:4391: gcc -c   conftest.c >&5
configure:4391: $? = 0
configure:4391: result: yes
configure:4418: checking for complex.h
configure:4418: gcc -c   conftest.c >&5
configure:4418: $? = 0
configure:4418: result: yes
configure:4431: checking for limits.h
configure:4431: gcc -c   conftest.c >&5
configure:4431: $? = 0
configure:4431: result: yes
configure:4444: checking for math.h
configure:4444: gcc -c   conftest.c >&5
configure:4444: $? = 0
configure:4444: result: yes
configure:4457: checking for openssl/md5.h
configure:4457: gcc -c   conftest.c >&5
configure:4457: $? = 0
configure:4457: result: yes
configure:4470: checking for stdio.h
configure:4470: result: yes
configure:4483: checking for stdlib.h
configure:4483: result: yes
configure:4496: checking for time.h
configure:4496: gcc -c   conftest.c >&5
configure:4496: $? = 0
configure:4496: result: yes
configure:4509: checking for library containing MD5_Init
configure:4539: gcc -o conftest    conftest.c  >&5
/usr/bin/ld: /tmp/ccGYBbNM.o: in function `main':
conftest.c:(.text+0xe): undefined reference to `MD5_Init'
collect2: error: ld returned 1 exit status
configure:4539: $? = 1
configure: failed program was:
| /* confdefs.h */
| #define PACKAGE_NAME "yang_mills"
| #define PACKAGE_TARNAME "yang_mills"
| #define PACKAGE_VERSION "1.1.6"
| #define PACKAGE_STRING "yang_mills 1.1.6"
| #define PACKAGE_BUGREPORT "claudio.bonati82@gmail.com"
| #define PACKAGE_URL ""
| #define PACKAGE "yang_mills"
| #define VERSION "1.1.6"
| #define HAVE_STDIO_H 1
| #define HAVE_STDLIB_H 1
| #define HAVE_STRING_H 1
| #define HAVE_INTTYPES_H 1
| #define HAVE_STDINT_H 1
| #define HAVE_STRINGS_H 1
| #define HAVE_SYS_STAT_H 1
| #define HAVE_SYS_TYPES_H 1
| #define HAVE_UNISTD_H 1
| #define STDC_HEADERS 1
| #define HAVE_COMPLEX_H 1
| #define HAVE_LIMITS_H 1
| #define HAVE_MATH_H 1
| #define HAVE_OPENSSL_MD5_H 1
| #define HAVE_STDIO_H 1
| #define HAVE_STDLIB_H 1
| #define HAVE_TIME_H 1
| /* end confdefs.h.  */
| 
| /* Override any GCC internal prototype to avoid an error.
|    Use char because int might match the return type of a GCC
|    builtin and then its argument prototype would still apply.  */
| char MD5_Init ();
| int
| main (void)
| {
| return MD5_Init ();
|   ;
|   return 0;
| }
configure:4539: gcc -o conftest    conftest.c -lcrypto   >&5
configure:4539: $? = 0
configure:4559: result: -lcrypto
configure:4571: checking for library containing sqrt
configure:4601: gcc -o conftest    conftest.c -lcrypto  >&5
conftest.c:32:6: warning: conflicting types for built-in function 'sqrt'; expected 'double(double)' [-Wbuiltin-declaration-mismatch]
   32 | char sqrt ();
      |      ^~~~
conftest.c:1:1: note: 'sqrt' is declared in header '<math.h>'
    1 | /* confdefs.h */
/usr/bin/ld: /tmp/ccBaH0SE.o: in function `main':
conftest.c:(.text+0xe): undefined reference to `sqrt'
collect2: error: ld returned 1 exit status
configure:4601: $? = 1
configure: failed program was:
| /* confdefs.h */
| #define PACKAGE_NAME "yang_mills"
| #define PACKAGE_TARNAME "yang_mills"
| #define PACKAGE_VERSION "1.1.6"
| #define PACKAGE_STRING "yang_mills 1.1.6"
| #define PACKAGE_BUGREPORT "claudio.bonati82@gmail.com"
| #define PACKAGE_URL ""
| #define PACKAGE "yang_mills"
| #define VERSION "1.1.6"
| #define HAVE_STDIO_H 1
| #define HAVE_STDLIB_H 1
| #define HAVE_STRING_H 1
| #define HAVE_INTTYPES_H 1
| #define HAVE_STDINT_H 1
| #define HAVE_STRINGS_H 1
| #define HAVE_SYS_STAT_H 1
| #define HAVE_SYS_TYPES_H 1
| #define HAVE_UNISTD_H 1
| #define STDC_HEADERS 1
| #define HAVE_COMPLEX_H 1
| #define HAVE_LIMITS_H 1
| #define HAVE_MATH_H 1
| #define HAVE_OPENSSL_MD5_H 1
| #define HAVE_STDIO_H 1
| #define HAVE_STDLIB_H 1
| #define HAVE_TIME_H 1
| /* end confdefs.h.  */
| 
| /* Override any GCC internal prototype to avoid an error.
|    Use char because int might match the return type of a GCC
|    builtin and then its argument prototype would still apply.  */
| char sqrt ();
| int
| main (void)
| {
| return sqrt ();
|   ;
|   return 0;
| }
configure:4601: gcc -o conftest    conftest.c -lm  -lcrypto  >&5
conftest.c:32:6: warning: conflicting types for built-in function 'sqrt'; expected 'double(double)' [-Wbuiltin-declaration-mismatch]
   32 | char sqrt ();
      |      ^~~~
conftest.c:1:1: note: 'sqrt' is declared in header '<math.h>'
    1 | /* confdefs.h */
configure:4601: $? = 0
configure:4621: result: -lm
configure:4634: checking for inline
configure:4651: gcc -c   conftest.c >&5
configure:4651: $? = 0
configure:4660: result: inline
configure:4678: checking for uint32_t
configure:4678: gcc -c   conftest.c >&5
configure:4678: $? = 0
configure:4678: result: yes
configure:4690: checking for uint64_t
configure:4690: gcc -c   conftest.c >&5
configure:4690: $? = 0
configure:4690: result: yes
configure:4874: WARNING:
   *****
   No chosen value for Num_levels: using the default Num_levels=2
   *****
   
configure:4940: WARNING:
   *****
   No chosen value for N_higgs: using the default N_higgs=1
   *****
   
configure:5066: checking that generated files are newer than configure
configure:5072: result: done
configure:5095: creating ./config.status

## ---------------------- ##
## Running config.status. ##
## ---------------------- ##

This file was extended by yang_mills config.status 1.1.6, which was
generated by GNU Autoconf 2.71.  Invocation command line was

  CONFIG_FILES    = 
  CONFIG_HEADERS  = 
  CONFIG_LINKS    = 
  CONFIG_COMMANDS = 
  $ ./config.status 

on lattice09

config.status:864: creating Makefile
config.status:864: creating config.h
config.status:1045: config.h is unchanged
config.status:1093: executing depfiles commands
config.status:1170: cd .       && sed -e '/# am--include-marker/d' Makefile         | make -f - am--depfiles
make: Nothing to be done for 'am--depfiles'.
config.status:1175: $? = 0

## ---------------- ##
## Cache variables. ##
## ---------------- ##

ac_cv_c_compiler_gnu=yes
ac_cv_c_inline=inline
ac_cv_c_uint32_t=yes
ac_cv_c_uint64_t=yes
ac_cv_env_CC_set=
ac_cv_env_CC_value=
ac_cv_env_CFLAGS_set=
ac_cv_env_CFLAGS_value=
ac_cv_env_CPPFLAGS_set=
ac_cv_env_CPPFLAGS_value=
ac_cv_env_LDFLAGS_set=
ac_cv_env_LDFLAGS_value=
ac_cv_env_LIBS_set=
ac_cv_env_LIBS_value=
ac_cv_env_N_c_set=set
ac_cv_env_N_c_value=1
ac_cv_env_N_higgs_set=
ac_cv_env_N_higgs_value=
ac_cv_env_Num_levels_set=
ac_cv_env_Num_levels_value=
ac_cv_env_Num_threads_set=
ac_cv_env_Num_threads_value=
ac_cv_env_ST_dim_set=set
ac_cv_env_ST_dim_value=3
ac_cv_env_build_alias_set=
ac_cv_env_build_alias_value=
ac_cv_env_host_alias_set=
ac_cv_env_host_alias_value=
ac_cv_env_target_alias_set=
ac_cv_env_target_alias_value=
ac_cv_header_complex_h=yes
ac_cv_header_inttypes_h=yes
ac_cv_header_limits_h=yes
ac_cv_header_math_h=yes
ac_cv_header_openssl_md5_h=yes
ac_cv_header_stdint_h=yes
ac_cv_header_stdio_h=yes
ac_cv_header_stdlib_h=yes
ac_cv_header_string_h=yes
ac_cv_header_strings_h=yes
ac_cv_header_sys_stat_h=yes
ac_cv_header_sys_types_h=yes
ac_cv_header_time_h=yes
ac_cv_header_unistd_h=yes
ac_cv_objext=o
ac_cv_path_install='/usr/bin/install -c'
ac_cv_path_mkdir=/usr/bin/mkdir
ac_cv_prog_AWK=mawk
ac_cv_prog_ac_ct_CC=gcc
ac_cv_prog_cc_c11=
ac_cv_prog_cc_g=yes
ac_cv_prog_cc_stdc=
ac_cv_prog_make_make_set=yes
ac_cv_search_MD5_Init=-lcrypto
ac_cv_search_sqrt=-lm
am_cv_CC_dependencies_compiler_type=gcc3
am_cv_make_support_nested_variables=yes
am_cv_prog_cc_c_o=yes

## ----------------- ##
## Output variables. ##
## ----------------- ##

ACLOCAL='${SHELL} '\''/home/negro/software_stack/src/yang-mills-Bonn/missing'\'' aclocal-1.16'
AMDEPBACKSLASH='\'
AMDEP_FALSE='#'
AMDEP_TRUE=''
AMTAR='$${TAR-tar}'
AM_BACKSLASH='\'
AM_DEFAULT_V='$(AM_DEFAULT_VERBOSITY)'
AM_DEFAULT_VERBOSITY='1'
AM_V='$(V)'
AUTOCONF='${SHELL} '\''/home/negro/software_stack/src/yang-mills-Bonn/missing'\'' autoconf'
AUTOHEADER='${SHELL} '\''/home/negro/software_stack/src/yang-mills-Bonn/missing'\'' autoheader'
AUTOMAKE='${SHELL} '\''/home/negro/software_stack/src/yang-mills-Bonn/missing'\'' automake-1.16'
AWK='mawk'
CC='gcc'
CCDEPMODE='depmode=gcc3'
CFLAGS=''
CPPFLAGS=''
CSCOPE='cscope'
CTAGS='ctags'
CYGPATH_W='echo'
DEFS='-DHAVE_CONFIG_H'
DEPDIR='.deps'
ECHO_C=''
ECHO_N='-n'
ECHO_T=''
ETAGS='etags'
EXEEXT=''
INSTALL_DATA='${INSTALL} -m 644'
INSTALL_PROGRAM='${INSTALL}'
INSTALL_SCRIPT='${INSTALL}'
INSTALL_STRIP_PROGRAM='$(install_sh) -c -s'
LDFLAGS=''
LIBOBJS=''
LIBS='-lm -lcrypto '
LTLIBOBJS=''
MAKEINFO='${SHELL} '\''/home/negro/software_stack/src/yang-mills-Bonn/missing'\'' makeinfo'
MKDIR_P='/usr/bin/mkdir -p'
N_c='1'
N_higgs=''
Num_levels=''
Num_threads=''
OBJEXT='o'
OPENMP_CFLAGS=''
PACKAGE='yang_mills'
PACKAGE_BUGREPORT='claudio.bonati82@gmail.com'
PACKAGE_NAME='yang_mills'
PACKAGE_STRING='yang_mills 1.1.6'
PACKAGE_TARNAME='yang_mills'
PACKAGE_URL=''
PACKAGE_VERSION='1.1.6'
PATH_SEPARATOR=':'
SET_MAKE=''
SHELL='/bin/bash'
STRIP=''
ST_dim='3'
VERSION='1.1.6'
ac_ct_CC='gcc'
am__EXEEXT_FALSE=''
am__EXEEXT_TRUE='#'
am__fastdepCC_FALSE='#'
am__fastdepCC_TRUE=''
am__include='include'
am__isrc=''
am__leading_dot='.'
am__nodep='_no'
am__quote=''
am__tar='$${TAR-tar} chof - "$$tardir"'
am__untar='$${TAR-tar} xf -'
bindir='${exec_prefix}/bin'
build_alias=''
datadir='${datarootdir}'
datarootdir='${prefix}/share'
docdir='${datarootdir}/doc/${PACKAGE_TARNAME}'
dvidir='${docdir}'
exec_prefix='${prefix}'
host_alias=''
htmldir='${docdir}'
includedir='${prefix}/include'
infodir='${datarootdir}/info'
install_sh='${SHELL} /home/negro/software_stack/src/yang-mills-Bonn/install-sh'
libdir='${exec_prefix}/lib'
libexecdir='${exec_prefix}/libexec'
localedir='${datarootdir}/locale'
localstatedir='${prefix}/var'
mandir='${datarootdir}/man'
mkdir_p='$(MKDIR_P)'
oldincludedir='/usr/include'
pdfdir='${docdir}'
prefix='/usr/local'
program_transform_name='s,x,x,'
psdir='${docdir}'
runstatedir='${localstatedir}/run'
sbindir='${exec_prefix}/sbin'
sharedstatedir='${prefix}/com'
sysconfdir='${prefix}/etc'
target_alias=''

## ----------- ##
## confdefs.h. ##
## ----------- ##

/* confdefs.h */
#define PACKAGE_NAME "yang_mills"
#define PACKAGE_TARNAME "yang_mills"
#define PACKAGE_VERSION "1.1.6"
#define PACKAGE_STRING "yang_mills 1.1.6"
#define PACKAGE_BUGREPORT "claudio.bonati82@gmail.com"
#define PACKAGE_URL ""
#define PACKAGE "yang_mills"
#define VERSION "1.1.6"
#define HAVE_STDIO_H 1
#define HAVE_STDLIB_H 1
#define HAVE_STRING_H 1
#define HAVE_INTTYPES_H 1
#define HAVE_STDINT_H 1
#define HAVE_STRINGS_H 1
#define HAVE_SYS_STAT_H 1
#define HAVE_SYS_TYPES_H 1
#define HAVE_UNISTD_H 1
#define STDC_HEADERS 1
#define HAVE_COMPLEX_H 1
#define HAVE_LIMITS_H 1
#define HAVE_MATH_H 1
#define HAVE_OPENSSL_MD5_H 1
#define HAVE_STDIO_H 1
#define HAVE_STDLIB_H 1
#define HAVE_TIME_H 1
#define NCOLOR 1
#define NLEVELS 2
#define NTHREADS 1
#define STDIM 3
#define NHIGGS 1

configure: exit 0
